<?xml version="1.0" encoding="UTF-8"?>
<!-- Generated by org.testng.reporters.JUnitXMLReporter -->
<testsuite ignored="1" hostname="COMPUTER" failures="0" tests="4" name="Default test" time="0.077" errors="0" timestamp="16 Jul 2021 15:59:41 GMT">
  <testcase classname="org.testng.ex.SampleTstNG" name="tc4" time="0.014"/>
  <testcase classname="org.testng.ex.SampleTstNG" name="tc4" time="0.003"/>
  <testcase classname="org.testng.ex.SampleTstNG" name="tc4" time="0.004"/>
  <testcase classname="org.testng.ex.SampleTstNG" name="tc" time="0.006"/>
  <testcase classname="org.testng.ex.SampleTstNG" name="tc1" time="0.0">
    <ignored/>
  </testcase> <!-- tc1 -->
</testsuite> <!-- Default test -->
