<?xml version="1.0" encoding="UTF-8"?>
<testng-results ignored="1" total="5" passed="4" failed="0" skipped="0">
  <reporter-output>
  </reporter-output>
  <suite started-at="2021-07-16T15:59:41Z" name="Default suite" finished-at="2021-07-16T15:59:41Z" duration-ms="77">
    <groups>
    </groups>
    <test started-at="2021-07-16T15:59:41Z" name="Default test" finished-at="2021-07-16T15:59:41Z" duration-ms="77">
      <class name="org.testng.ex.SampleTstNG">
        <test-method signature="tc4()[pri:0, instance:org.testng.ex.SampleTstNG@5d534f5d]" started-at="2021-07-16T15:59:41Z" name="tc4" finished-at="2021-07-16T15:59:41Z" duration-ms="14" status="PASS">
          <reporter-output>
          </reporter-output>
        </test-method> <!-- tc4 -->
        <test-method signature="tc4()[pri:0, instance:org.testng.ex.SampleTstNG@5d534f5d]" started-at="2021-07-16T15:59:41Z" name="tc4" finished-at="2021-07-16T15:59:41Z" duration-ms="3" status="PASS">
          <reporter-output>
          </reporter-output>
        </test-method> <!-- tc4 -->
        <test-method signature="tc4()[pri:0, instance:org.testng.ex.SampleTstNG@5d534f5d]" started-at="2021-07-16T15:59:41Z" name="tc4" finished-at="2021-07-16T15:59:41Z" duration-ms="4" status="PASS">
          <reporter-output>
          </reporter-output>
        </test-method> <!-- tc4 -->
        <test-method signature="tc()[pri:2, instance:org.testng.ex.SampleTstNG@5d534f5d]" started-at="2021-07-16T15:59:41Z" name="tc" finished-at="2021-07-16T15:59:41Z" duration-ms="6" status="PASS">
          <reporter-output>
          </reporter-output>
        </test-method> <!-- tc -->
      </class> <!-- org.testng.ex.SampleTstNG -->
    </test> <!-- Default test -->
  </suite> <!-- Default suite -->
</testng-results>
